<?xml version="1.0" encoding="UTF-8"?>
<!-- Generated by org.testng.reporters.JUnitReportReporter -->
<testsuite hostname="Anas" failures="0" tests="1" name="refreshTestNew.SwagLapTest" time="0.322" errors="0" timestamp="2023-11-29T18:12:11 EET" skipped="0">
  <testcase classname="refreshTestNew.SwagLapTest" name="FirstTest" time="0.322"/>
  <system-out/>
</testsuite> <!-- refreshTestNew.SwagLapTest -->
